// 重构日志: 45230c45
// 同步 ID: a66cf3be @ Sat Jul  4 16:03:18 UTC 2026
// 同步 ID: 8cc48933 @ Sat Jul  4 17:15:00 UTC 2026
// 重构日志: 3b656904
// 重构日志: 86c861b0
// 重构日志: 3aa08f0a
// 重构日志: 0dca5c0a
// 同步 ID: 7518aa77 @ Sun Jul  5 15:21:40 UTC 2026
// 同步 ID: 521483ae @ Sun Jul  5 17:50:46 UTC 2026
// 重构日志: 9fcacb78
// 重构日志: 354bd951
// 同步 ID: 53718fb7 @ Tue Jul  7 12:47:34 UTC 2026
// 重构日志: 908052ce
// 重构日志: e21100c9
// 同步 ID: 821b8edc @ Fri Jul 10 05:38:28 UTC 2026
// 重构日志: 57abec14
// 重构日志: ba810307
// 重构日志: c27bfc6d
// 同步 ID: 17f5a918 @ Tue Jul 14 00:41:14 UTC 2026
// 重构日志: cde84f78
// 重构日志: 044fb8d3
// 重构日志: ca11c609
// 重构日志: 78d6e2aa
// 同步 ID: 9f8d5916 @ Wed Jul 15 00:33:14 UTC 2026
// 同步 ID: 780154c1 @ Wed Jul 15 06:49:56 UTC 2026
// 同步 ID: 5c33b514 @ Wed Jul 15 09:39:09 UTC 2026
// 重构日志: b01f8d67
// 重构日志: cf2091ce
// 重构日志: b8e173f7
// 同步 ID: da692b64 @ Sat Jul 18 03:00:56 UTC 2026
